<?xml version="1.0" encoding="UTF-8"?>
<robot generator="Robot 3.1.2 (Python 3.7.0 on win32)" generated="20200608 14:55:33.824" rpa="false">
<suite id="s1" name="TC1" source="C:\Users\chaitanya.mohammad\PycharmProjects\SeleniumPython_ROBOTFrameWork_BySDET\TestCases\TC1.robot">
<test id="s1-t1" name="nopCommerce_LoginTest:">
<kw name="Open Browser" library="SeleniumLibrary">
<doc>Opens a new browser instance to the optional ``url``.</doc>
<arguments>
<arg>${nopCommerceappUrl}</arg>
<arg>${browser}</arg>
</arguments>
<msg timestamp="20200608 14:55:34.171" level="INFO">Opening browser 'chrome' to base url 'https://demo.nopcommerce.com/'.</msg>
<kw name="Capture Page Screenshot" library="SeleniumLibrary">
<doc>Takes a screenshot of the current page and embeds it into a log file.</doc>
<msg timestamp="20200608 14:55:41.048" level="INFO">Cannot capture screenshot because no browser is open.</msg>
<status status="PASS" starttime="20200608 14:55:41.048" endtime="20200608 14:55:41.048"></status>
</kw>
<msg timestamp="20200608 14:55:41.055" level="FAIL">SessionNotCreatedException: Message: session not created: This version of ChromeDriver only supports Chrome version 81
</msg>
<status status="FAIL" starttime="20200608 14:55:34.170" endtime="20200608 14:55:41.055"></status>
</kw>
<status status="FAIL" starttime="20200608 14:55:34.169" endtime="20200608 14:55:41.055" critical="yes">SessionNotCreatedException: Message: session not created: This version of ChromeDriver only supports Chrome version 81
</status>
</test>
<test id="s1-t2" name="DemoApp_RaioButton_nd_CheckBox">
<kw name="Open Browser" library="SeleniumLibrary">
<doc>Opens a new browser instance to the optional ``url``.</doc>
<arguments>
<arg>${demoApp}</arg>
<arg>${browser}</arg>
</arguments>
<msg timestamp="20200608 14:55:41.059" level="INFO">Opening browser 'chrome' to base url 'http://www.practiceselenium.com/practice-form.html'.</msg>
<kw name="Capture Page Screenshot" library="SeleniumLibrary">
<doc>Takes a screenshot of the current page and embeds it into a log file.</doc>
<msg timestamp="20200608 14:55:47.668" level="INFO">Cannot capture screenshot because no browser is open.</msg>
<status status="PASS" starttime="20200608 14:55:47.668" endtime="20200608 14:55:47.668"></status>
</kw>
<msg timestamp="20200608 14:55:47.670" level="FAIL">SessionNotCreatedException: Message: session not created: This version of ChromeDriver only supports Chrome version 81
</msg>
<status status="FAIL" starttime="20200608 14:55:41.059" endtime="20200608 14:55:47.670"></status>
</kw>
<status status="FAIL" starttime="20200608 14:55:41.057" endtime="20200608 14:55:47.671" critical="yes">SessionNotCreatedException: Message: session not created: This version of ChromeDriver only supports Chrome version 81
</status>
</test>
<status status="FAIL" starttime="20200608 14:55:33.827" endtime="20200608 14:55:47.676"></status>
</suite>
<statistics>
<total>
<stat pass="0" fail="2">Critical Tests</stat>
<stat pass="0" fail="2">All Tests</stat>
</total>
<tag>
</tag>
<suite>
<stat pass="0" fail="2" id="s1" name="TC1">TC1</stat>
</suite>
</statistics>
<errors>
</errors>
</robot>
